[2024-06-13 13:58:50,138: INFO: main: Welcome to logger]
[2024-06-13 15:53:01,473: INFO: main: >>>>>> stage Data Ingestion stage started <<<<<<]
[2024-06-13 15:53:01,475: INFO: common: yaml file: config\config.yaml loaded successfully]
[2024-06-13 15:53:01,476: INFO: common: yaml file: params.yaml loaded successfully]
[2024-06-13 15:53:01,477: INFO: common: created directory at: artifacts]
[2024-06-13 15:53:01,478: INFO: common: created directory at: artifacts/data_ingestion]
[2024-06-13 15:53:01,479: INFO: data_ingestion: Downloading data from https://drive.google.com/file/d/1vlhZ5c7abUKF8xXERIw6m9Te8fW7ohw3/view?usp=sharing into file artifacts/data_ingestion/data.zip]
[2024-06-13 15:53:20,545: INFO: data_ingestion: Downloaded data from https://drive.google.com/file/d/1vlhZ5c7abUKF8xXERIw6m9Te8fW7ohw3/view?usp=sharing into file artifacts/data_ingestion/data.zip]
[2024-06-13 15:53:21,971: INFO: main: >>>>>> stage Data Ingestion stage completed <<<<<<

x==========x]
[2024-06-13 16:37:52,703: INFO: main: >>>>>> stage Data Ingestion stage started <<<<<<]
[2024-06-13 16:37:52,705: INFO: common: yaml file: config\config.yaml loaded successfully]
[2024-06-13 16:37:52,705: INFO: common: yaml file: config\config.yaml loaded successfully]
[2024-06-13 16:37:52,706: INFO: common: yaml file: params.yaml loaded successfully]
[2024-06-13 16:37:52,706: INFO: common: yaml file: params.yaml loaded successfully]
[2024-06-13 16:37:52,707: INFO: common: created directory at: artifacts]
[2024-06-13 16:37:52,707: INFO: common: created directory at: artifacts]
[2024-06-13 16:37:52,707: INFO: common: created directory at: artifacts/data_ingestion]
[2024-06-13 16:37:52,707: INFO: common: created directory at: artifacts/data_ingestion]
[2024-06-13 16:37:52,708: INFO: data_ingestion: Downloading data from https://drive.google.com/file/d/1vlhZ5c7abUKF8xXERIw6m9Te8fW7ohw3/view?usp=sharing into file artifacts/data_ingestion/data.zip]
[2024-06-13 16:37:52,708: INFO: data_ingestion: Downloading data from https://drive.google.com/file/d/1vlhZ5c7abUKF8xXERIw6m9Te8fW7ohw3/view?usp=sharing into file artifacts/data_ingestion/data.zip]
[2024-06-13 16:38:16,628: INFO: data_ingestion: Downloaded data from https://drive.google.com/file/d/1vlhZ5c7abUKF8xXERIw6m9Te8fW7ohw3/view?usp=sharing into file artifacts/data_ingestion/data.zip]
[2024-06-13 16:38:17,590: INFO: main: >>>>>> stage Data Ingestion stage completed <<<<<<

x==========x]
[2024-06-13 16:38:17,590: INFO: main: *******************]
[2024-06-13 16:38:17,592: INFO: main: >>>>>> stage Prepare base model started <<<<<<]
[2024-06-13 16:38:17,598: INFO: common: yaml file: config\config.yaml loaded successfully]
[2024-06-13 16:38:17,599: INFO: common: yaml file: params.yaml loaded successfully]
[2024-06-13 16:38:17,599: INFO: common: created directory at: artifacts]
[2024-06-13 16:38:17,600: INFO: common: created directory at: artifacts/prepare_base_model]
[2024-06-13 16:38:18,119: WARNING: saving_utils: Compiled the loaded model, but the compiled metrics have yet to be built. `model.compile_metrics` will be empty until you train or evaluate the model.]
[2024-06-13 16:38:19,179: INFO: main: >>>>>> stage Prepare base model completed <<<<<<

x==========x]
[2024-06-13 16:38:25,303: INFO: data_ingestion: Downloaded data from https://drive.google.com/file/d/1vlhZ5c7abUKF8xXERIw6m9Te8fW7ohw3/view?usp=sharing into file artifacts/data_ingestion/data.zip]
[2024-06-13 16:38:26,141: INFO: main: >>>>>> stage Data Ingestion stage completed <<<<<<

x==========x]
[2024-06-13 16:38:26,142: INFO: main: *******************]
[2024-06-13 16:38:26,142: INFO: main: >>>>>> stage Prepare base model started <<<<<<]
[2024-06-13 16:38:26,144: INFO: common: yaml file: config\config.yaml loaded successfully]
[2024-06-13 16:38:26,146: INFO: common: yaml file: params.yaml loaded successfully]
[2024-06-13 16:38:26,147: INFO: common: created directory at: artifacts]
[2024-06-13 16:38:26,147: INFO: common: created directory at: artifacts/prepare_base_model]
[2024-06-13 16:38:26,567: WARNING: saving_utils: Compiled the loaded model, but the compiled metrics have yet to be built. `model.compile_metrics` will be empty until you train or evaluate the model.]
[2024-06-13 16:38:27,313: INFO: main: >>>>>> stage Prepare base model completed <<<<<<

x==========x]
